This is e-upTeX, Version 3.141592653-p4.1.2-u2.00-250202-2.6 (utf8.euc) (TeX Live 2025) (preloaded format=platex 2025.4.1)  11 OCT 2025 18:49
entering extended mode
 restricted \write18 enabled.
 %&-line parsing enabled.
**/Users/tomohito/Downloads/39th_CFD_symposium/39th_CFD_sympo/39th_CFD_sympo
(/Users/tomohito/Downloads/39th_CFD_symposium/39th_CFD_sympo/39th_CFD_sympo.tex
pLaTeX2e <2023-02-14>+1, based on
LaTeX2e <2024-11-01> patch level 2
L3 programming layer <2025-01-18>
(/usr/local/texlive/2025/texmf-dist/tex/platex/base/jarticle.cls
Document Class: jarticle 2020/09/30 v1.8f Standard pLaTeX class
\c@@paper=\count195
(/usr/local/texlive/2025/texmf-dist/tex/platex/base/jsize10.clo
File: jsize10.clo 2020/09/30 v1.8f Standard pLaTeX file (size option)
)
\c@part=\count196
\c@section=\count197
\c@subsection=\count198
\c@subsubsection=\count199
\c@paragraph=\count266
\c@subparagraph=\count267
\c@figure=\count268
\c@table=\count269
\abovecaptionskip=\skip49
\belowcaptionskip=\skip50
\symmincho=\mathgroup4
LaTeX Font Info:    Overwriting symbol font `mincho' in version `bold'
(Font)                  JY1/mc/m/n --> JY1/gt/m/n on input line 615.
\toclineskip=\dimen157
\@lnumwidth=\dimen158
\bibindent=\dimen159
\heisei=\count270
) (/usr/local/texlive/2025/texmf-dist/tex/latex/graphics/graphicx.sty
Package: graphicx 2021/09/16 v1.2d Enhanced LaTeX Graphics (DPC,SPQR)
 (/usr/local/texlive/2025/texmf-dist/tex/latex/graphics/keyval.sty
Package: keyval 2022/05/29 v1.15 key=value parser (DPC)
\KV@toks@=\toks18
) (/usr/local/texlive/2025/texmf-dist/tex/latex/graphics/graphics.sty
Package: graphics 2024/08/06 v1.4g Standard LaTeX Graphics (DPC,SPQR)
 (/usr/local/texlive/2025/texmf-dist/tex/latex/graphics/trig.sty
Package: trig 2023/12/02 v1.11 sin cos tan (DPC)
) (/usr/local/texlive/2025/texmf-dist/tex/latex/graphics-cfg/graphics.cfg
File: graphics.cfg 2016/06/04 v1.11 sample graphics configuration
)
Package graphics Info: Driver file: dvipdfmx.def on input line 106.
 (/usr/local/texlive/2025/texmf-dist/tex/latex/graphics-def/dvipdfmx.def
File: dvipdfmx.def 2022/09/22 v5.0m Graphics/color driver for dvipdfmx
))
\Gin@req@height=\dimen160
\Gin@req@width=\dimen161
) (/usr/local/texlive/2025/texmf-dist/tex/latex/float/float.sty
Package: float 2001/11/08 v1.3d Float enhancements (AL)
\c@float@type=\count271
\float@exts=\toks19
\float@box=\box69
\@float@everytoks=\toks20
\@floatcapt=\box70
) (./jcfd39.sty
Document Class `jcfd_reg for latex2e' <24 Oct 98>. Concepted by M. Kurokawa
Document Class `jcfd_reg for latex2e' <30 Jun 2005>. Modified by H. O.
Document Class `jcfd_reg for latex2e' <22 Jun 2009>. Modified by L. W.
(./jcfd9.sty)
\minute=\count272
\hour=\count273
) (/usr/local/texlive/2025/texmf-dist/tex/latex/amsmath/amsmath.sty
Package: amsmath 2024/11/05 v2.17t AMS math features
\@mathmargin=\skip51

For additional information on amsmath, use the `?' option.
(/usr/local/texlive/2025/texmf-dist/tex/latex/amsmath/amstext.sty
Package: amstext 2021/08/26 v2.01 AMS text
 (/usr/local/texlive/2025/texmf-dist/tex/latex/amsmath/amsgen.sty
File: amsgen.sty 1999/11/30 v2.0 generic functions
\@emptytoks=\toks21
\ex@=\dimen162
)) (/usr/local/texlive/2025/texmf-dist/tex/latex/amsmath/amsbsy.sty
Package: amsbsy 1999/11/29 v1.2d Bold Symbols
\pmbraise@=\dimen163
) (/usr/local/texlive/2025/texmf-dist/tex/latex/amsmath/amsopn.sty
Package: amsopn 2022/04/08 v2.04 operator names
)
\inf@bad=\count274
LaTeX Info: Redefining \frac on input line 233.
\uproot@=\count275
\leftroot@=\count276
LaTeX Info: Redefining \overline on input line 398.
LaTeX Info: Redefining \colon on input line 409.
\classnum@=\count277
\DOTSCASE@=\count278
LaTeX Info: Redefining \ldots on input line 495.
LaTeX Info: Redefining \dots on input line 498.
LaTeX Info: Redefining \cdots on input line 619.
\Mathstrutbox@=\box71
\strutbox@=\box72
LaTeX Info: Redefining \big on input line 721.
LaTeX Info: Redefining \Big on input line 722.
LaTeX Info: Redefining \bigg on input line 723.
LaTeX Info: Redefining \Bigg on input line 724.
\big@size=\dimen164
LaTeX Font Info:    Redeclaring font encoding OML on input line 742.
LaTeX Font Info:    Redeclaring font encoding OMS on input line 743.
\macc@depth=\count279
LaTeX Info: Redefining \bmod on input line 904.
LaTeX Info: Redefining \pmod on input line 909.
LaTeX Info: Redefining \smash on input line 939.
LaTeX Info: Redefining \relbar on input line 969.
LaTeX Info: Redefining \Relbar on input line 970.
\c@MaxMatrixCols=\count280
\dotsspace@=\muskip17
\c@parentequation=\count281
\dspbrk@lvl=\count282
\tag@help=\toks22
\row@=\count283
\column@=\count284
\maxfields@=\count285
\andhelp@=\toks23
\eqnshift@=\dimen165
\alignsep@=\dimen166
\tagshift@=\dimen167
\tagwidth@=\dimen168
\totwidth@=\dimen169
\lineht@=\dimen170
\@envbody=\toks24
\multlinegap=\skip52
\multlinetaggap=\skip53
\mathdisplay@stack=\toks25
LaTeX Info: Redefining \[ on input line 2953.
LaTeX Info: Redefining \] on input line 2954.
) (/usr/local/texlive/2025/texmf-dist/tex/latex/url/url.sty
\Urlmuskip=\muskip18
Package: url 2013/09/16  ver 3.4  Verb mode for urls, etc.
) (/usr/local/texlive/2025/texmf-dist/tex/latex/l3backend/l3backend-dvips.def
File: l3backend-dvips.def 2024-05-08 L3 backend support: dvips
\l__pdf_internal_box=\box73
\l__pdf_backend_content_box=\box74
\l__pdf_backend_model_box=\box75
\g__pdf_backend_annotation_int=\count286
\g__pdf_backend_link_int=\count287
\g__pdf_backend_link_sf_int=\count288
) (./39th_CFD_sympo.aux)
\openout1 = `39th_CFD_sympo.aux'.

LaTeX Font Info:    Checking defaults for OML/cmm/m/it on input line 53.
LaTeX Font Info:    ... okay on input line 53.
LaTeX Font Info:    Checking defaults for OMS/cmsy/m/n on input line 53.
LaTeX Font Info:    ... okay on input line 53.
LaTeX Font Info:    Checking defaults for OT1/cmr/m/n on input line 53.
LaTeX Font Info:    ... okay on input line 53.
LaTeX Font Info:    Checking defaults for T1/cmr/m/n on input line 53.
LaTeX Font Info:    ... okay on input line 53.
LaTeX Font Info:    Checking defaults for TS1/cmr/m/n on input line 53.
LaTeX Font Info:    ... okay on input line 53.
LaTeX Font Info:    Checking defaults for OMX/cmex/m/n on input line 53.
LaTeX Font Info:    ... okay on input line 53.
LaTeX Font Info:    Checking defaults for U/cmr/m/n on input line 53.
LaTeX Font Info:    ... okay on input line 53.
LaTeX Font Info:    Checking defaults for JY1/mc/m/n on input line 53.
LaTeX Font Info:    ... okay on input line 53.
LaTeX Font Info:    Checking defaults for JT1/mc/m/n on input line 53.
LaTeX Font Info:    ... okay on input line 53.

Underfull \hbox (badness 10000) detected at line 55
[]
 []

LaTeX Font Info:    Font shape `JT1/mc/bx/n' in size <10> not available
(Font)              Font shape `JT1/gt/m/n' tried instead on input line 58.
LaTeX Font Info:    Font shape `JY1/mc/bx/n' in size <10> not available
(Font)              Font shape `JY1/gt/m/n' tried instead on input line 58.

Underfull \hbox (badness 3965) in paragraph at lines 73--77
[]\JY1/mc/m/n/10 近年では\OT1/cmr/m/n/10 , \JY1/mc/m/n/10 非構造格子の \OT1/cmr/m/n/10 SF \JY1/mc/m/n/10 法である \OT1/cmr/m/n/10 eDIT \JY1/mc/m/n/10 法
 []


Underfull \hbox (badness 1845) in paragraph at lines 93--99
\OT1/cmr/m/n/10 Quadra-ture(Gauss)(WLSQ(G), \JY1/mc/m/n/10 重み付き最小二乗法\OT1/cmr/m/n/10 )
 []


Underfull \hbox (badness 1189) in paragraph at lines 93--99
\JY1/mc/m/n/10 をにより行い\OT1/cmr/m/n/10 , \JY1/mc/m/n/10 セル内物理量の再構築には三次精度
 []





[1




]
Underfull \hbox (badness 10000) in paragraph at lines 150--154
[]\OT1/cmr/m/n/10 [2.2.3] \JY1/mc/m/n/10 で得た不連続領域の最長骨格に対し\OT1/cmr/m/n/10 ,
 []


Underfull \hbox (badness 3343) in paragraph at lines 150--154
\OT1/cmtt/m/n/10 SciPy.interpolate \JY1/mc/m/n/10 の \OT1/cmtt/m/n/10 splprep, splev \JY1/mc/m/n/10 関数を用
 []

File: extract.pdf Graphic file (type pdf)
<extract.pdf>


File: grouping.pdf Graphic file (type pdf)
<grouping.pdf>



Underfull \hbox (badness 10000) has occurred while \output is active
[]
 []


Overfull \hbox (4.44443pt too wide) has occurred while \output is active
 [] 
 []


Overfull \vbox (16.2207pt too high) has occurred while \output is active []

 [2]
File: updownjudge.pdf Graphic file (type pdf)
<updownjudge.pdf>

Underfull \hbox (badness 3579) in paragraph at lines 254--255
 \OT1/cmr/bx/n/10 2.3.5 Sur-ro-gate Bound-ary cells \JY1/gt/m/n/10 から \OT1/cmr/bx/n/10 Shock-
 []




Underfull \hbox (badness 1048) in paragraph at lines 271--278
[]\JY1/mc/m/n/10 ここで ， $[]$ および $[]$ は下流側 \OT1/cmr/m/n/10 Sur-ro-gate
 []




Underfull \hbox (badness 10000) has occurred while \output is active
[]
 []


Overfull \hbox (4.44443pt too wide) has occurred while \output is active
 [] 
 []


Overfull \vbox (16.2207pt too high) has occurred while \output is active []

 [3]
File: 1Dsituation.pdf Graphic file (type pdf)
<1Dsituation.pdf>

Underfull \hbox (badness 10000) in paragraph at lines 343--346
[]\OT1/cmr/m/n/10 SF \JY1/mc/m/n/10 法による計算の結果\OT1/cmr/m/n/10 , \JY1/mc/m/n/10 衝撃波速さは常に
 []


Underfull \hbox (badness 1552) in paragraph at lines 343--346
\OT1/cmr/m/n/10 0.20000000298023216 \JY1/mc/m/n/10 という値とな っ た\OT1/cmr/m/n/10 . \JY1/mc/m/n/10 理論解と
 []

File: 1Dscsf.pdf Graphic file (type pdf)
<1Dscsf.pdf>

Underfull \vbox (badness 10000) has occurred while \output is active []






Underfull \hbox (badness 10000) has occurred while \output is active
[]
 []


Overfull \hbox (4.44443pt too wide) has occurred while \output is active
 [] 
 []


Overfull \vbox (16.2207pt too high) has occurred while \output is active []

 [4]




Underfull \hbox (badness 10000) has occurred while \output is active
[]
 []


Overfull \hbox (4.44443pt too wide) has occurred while \output is active
 [] 
 []


Overfull \vbox (16.2207pt too high) has occurred while \output is active []

 [5

] (./39th_CFD_sympo.aux)
 ***********
pLaTeX2e <2023-02-14>+1, based on
LaTeX2e <2024-11-01> patch level 2
L3 programming layer <2025-01-18>
 ***********
 ) 
Here is how much of TeX's memory you used:
 1975 strings out of 473836
 29945 string characters out of 5731190
 449845 words of memory out of 5000000
 25226 multiletter control sequences out of 15000+600000
 571153 words of font info for 85 fonts, out of 8000000 for 9000
 929 hyphenation exceptions out of 8191
 57i,15n,65p,804b,486s stack positions out of 10000i,1000n,20000p,200000b,200000s

Output written on 39th_CFD_sympo.dvi (5 pages, 35828 bytes).
