This is e-upTeX, Version 3.141592653-p4.1.2-u2.00-250202-2.6 (utf8.uptex) (TeX Live 2025) (preloaded format=uplatex 2025.4.1)  15 OCT 2025 16:41
entering extended mode
 restricted \write18 enabled.
 %&-line parsing enabled.
**/Users/tomohito/Downloads/39th_CFD_symposium/39th_CFD_sympo/39th_CFD_sympo
(/Users/tomohito/Downloads/39th_CFD_symposium/39th_CFD_sympo/39th_CFD_sympo.tex
pLaTeX2e <2023-02-14u04>+1, based on
LaTeX2e <2024-11-01> patch level 2
L3 programming layer <2025-01-18>
(/usr/local/texlive/2025/texmf-dist/tex/platex/base/jarticle.cls
Document Class: jarticle 2020/09/30 v1.8f Standard pLaTeX class
\c@@paper=\count195
(/usr/local/texlive/2025/texmf-dist/tex/platex/base/jsize10.clo
File: jsize10.clo 2020/09/30 v1.8f Standard pLaTeX file (size option)
LaTeX Font Info:    Font shape `JT2/mc/m/n' will be
(Font)              scaled to size 9.6222pt on input line 27.
LaTeX Font Info:    Font shape `JY2/mc/m/n' will be
(Font)              scaled to size 9.6222pt on input line 27.
)
\c@part=\count196
\c@section=\count197
\c@subsection=\count198
\c@subsubsection=\count199
\c@paragraph=\count266
\c@subparagraph=\count267
\c@figure=\count268
\c@table=\count269
\abovecaptionskip=\skip49
\belowcaptionskip=\skip50


! LaTeX Error: Encoding scheme `JY1' unknown.

See the LaTeX manual or LaTeX Companion for explanation.
Type  H <return>  for immediate help.
 ...                                              
                                                  
l.613 ...\DeclareSymbolFont{mincho}{JY1}{mc}{m}{n}
                                                  
Your command was ignored.
Type  I <command> <return>  to replace it with another command,
or  <return>  to continue without it.


! LaTeX Error: Unknown symbol font `mincho'.

See the LaTeX manual or LaTeX Companion for explanation.
Type  H <return>  for immediate help.
 ...                                              
                                                  
l.614 ...eclareSymbolFontAlphabet{\mathmc}{mincho}
                                                  
Your command was ignored.
Type  I <command> <return>  to replace it with another command,
or  <return>  to continue without it.


! LaTeX Error: Encoding scheme `JY1' unknown.

See the LaTeX manual or LaTeX Companion for explanation.
Type  H <return>  for immediate help.
 ...                                              
                                                  
l.615 ...etSymbolFont{mincho}{bold}{JY1}{gt}{m}{n}
                                                  
Your command was ignored.
Type  I <command> <return>  to replace it with another command,
or  <return>  to continue without it.

! Missing number, treated as zero.
<to be read again> 
                   \symmincho 
l.616     \jfam\symmincho
                         
A number should have been here; I inserted `0'.
(If you can't figure out why I needed to see a number,
look up `weird error' in the index to The TeXbook.)


! LaTeX Error: Encoding scheme `JY1' unknown.

See the LaTeX manual or LaTeX Companion for explanation.
Type  H <return>  for immediate help.
 ...                                              
                                                  
l.617 ...clareMathAlphabet{\mathgt}{JY1}{gt}{m}{n}
                                                  
Your command was ignored.
Type  I <command> <return>  to replace it with another command,
or  <return>  to continue without it.

\toclineskip=\dimen157
\@lnumwidth=\dimen158
\bibindent=\dimen159
\heisei=\count270
) (/usr/local/texlive/2025/texmf-dist/tex/latex/graphics/graphicx.sty
Package: graphicx 2021/09/16 v1.2d Enhanced LaTeX Graphics (DPC,SPQR)
 (/usr/local/texlive/2025/texmf-dist/tex/latex/graphics/keyval.sty
Package: keyval 2022/05/29 v1.15 key=value parser (DPC)
\KV@toks@=\toks18
) (/usr/local/texlive/2025/texmf-dist/tex/latex/graphics/graphics.sty
Package: graphics 2024/08/06 v1.4g Standard LaTeX Graphics (DPC,SPQR)
 (/usr/local/texlive/2025/texmf-dist/tex/latex/graphics/trig.sty
Package: trig 2023/12/02 v1.11 sin cos tan (DPC)
) (/usr/local/texlive/2025/texmf-dist/tex/latex/graphics-cfg/graphics.cfg
File: graphics.cfg 2016/06/04 v1.11 sample graphics configuration
)
Package graphics Info: Driver file: dvipdfmx.def on input line 106.
 (/usr/local/texlive/2025/texmf-dist/tex/latex/graphics-def/dvipdfmx.def
File: dvipdfmx.def 2022/09/22 v5.0m Graphics/color driver for dvipdfmx
))
\Gin@req@height=\dimen160
\Gin@req@width=\dimen161
) (/usr/local/texlive/2025/texmf-dist/tex/latex/float/float.sty
Package: float 2001/11/08 v1.3d Float enhancements (AL)
\c@float@type=\count271
\float@exts=\toks19
\float@box=\box69
\@float@everytoks=\toks20
\@floatcapt=\box70
) (./jcfd39.sty
Document Class `jcfd_reg for latex2e' <24 Oct 98>. Concepted by M. Kurokawa
Document Class `jcfd_reg for latex2e' <30 Jun 2005>. Modified by H. O.
Document Class `jcfd_reg for latex2e' <22 Jun 2009>. Modified by L. W.
(./jcfd9.sty)
\minute=\count272
\hour=\count273
) (/usr/local/texlive/2025/texmf-dist/tex/latex/amsmath/amsmath.sty
Package: amsmath 2024/11/05 v2.17t AMS math features
\@mathmargin=\skip51

For additional information on amsmath, use the `?' option.
(/usr/local/texlive/2025/texmf-dist/tex/latex/amsmath/amstext.sty
Package: amstext 2021/08/26 v2.01 AMS text
 (/usr/local/texlive/2025/texmf-dist/tex/latex/amsmath/amsgen.sty
File: amsgen.sty 1999/11/30 v2.0 generic functions
\@emptytoks=\toks21
\ex@=\dimen162
)) (/usr/local/texlive/2025/texmf-dist/tex/latex/amsmath/amsbsy.sty
Package: amsbsy 1999/11/29 v1.2d Bold Symbols
\pmbraise@=\dimen163
) (/usr/local/texlive/2025/texmf-dist/tex/latex/amsmath/amsopn.sty
Package: amsopn 2022/04/08 v2.04 operator names
)
\inf@bad=\count274
LaTeX Info: Redefining \frac on input line 233.
\uproot@=\count275
\leftroot@=\count276
LaTeX Info: Redefining \overline on input line 398.
LaTeX Info: Redefining \colon on input line 409.
\classnum@=\count277
\DOTSCASE@=\count278
LaTeX Info: Redefining \ldots on input line 495.
LaTeX Info: Redefining \dots on input line 498.
LaTeX Info: Redefining \cdots on input line 619.
\Mathstrutbox@=\box71
\strutbox@=\box72
LaTeX Info: Redefining \big on input line 721.
LaTeX Info: Redefining \Big on input line 722.
LaTeX Info: Redefining \bigg on input line 723.
LaTeX Info: Redefining \Bigg on input line 724.
\big@size=\dimen164
LaTeX Font Info:    Redeclaring font encoding OML on input line 742.
LaTeX Font Info:    Redeclaring font encoding OMS on input line 743.
\macc@depth=\count279
LaTeX Info: Redefining \bmod on input line 904.
LaTeX Info: Redefining \pmod on input line 909.
LaTeX Info: Redefining \smash on input line 939.
LaTeX Info: Redefining \relbar on input line 969.
LaTeX Info: Redefining \Relbar on input line 970.
\c@MaxMatrixCols=\count280
\dotsspace@=\muskip17
\c@parentequation=\count281
\dspbrk@lvl=\count282
\tag@help=\toks22
\row@=\count283
\column@=\count284
\maxfields@=\count285
\andhelp@=\toks23
\eqnshift@=\dimen165
\alignsep@=\dimen166
\tagshift@=\dimen167
\tagwidth@=\dimen168
\totwidth@=\dimen169
\lineht@=\dimen170
\@envbody=\toks24
\multlinegap=\skip52
\multlinetaggap=\skip53
\mathdisplay@stack=\toks25
LaTeX Info: Redefining \[ on input line 2953.
LaTeX Info: Redefining \] on input line 2954.
) (/usr/local/texlive/2025/texmf-dist/tex/latex/url/url.sty
\Urlmuskip=\muskip18
Package: url 2013/09/16  ver 3.4  Verb mode for urls, etc.
) (/usr/local/texlive/2025/texmf-dist/tex/latex/placeins/placeins.sty
Package: placeins 2005/04/18  v 2.2
) (/usr/local/texlive/2025/texmf-dist/tex/latex/caption/subcaption.sty
Package: subcaption 2023/07/28 v1.6b Sub-captions (AR)
 (/usr/local/texlive/2025/texmf-dist/tex/latex/caption/caption.sty
Package: caption 2023/08/05 v3.6o Customizing captions (AR)
 (/usr/local/texlive/2025/texmf-dist/tex/latex/caption/caption3.sty
Package: caption3 2023/07/31 v2.4d caption3 kernel (AR)
\caption@tempdima=\dimen171
\captionmargin=\dimen172
\caption@leftmargin=\dimen173
\caption@rightmargin=\dimen174
\caption@width=\dimen175
\caption@indent=\dimen176
\caption@parindent=\dimen177
\caption@hangindent=\dimen178
Package caption Info: Unknown document class (or package),
(caption)             standard defaults will be used.
Package caption Info: \@makecaption = \long macro:#1#2-> \vskip 15pt \setbox \@tempboxa \hbox {#1: #2} \setlength \baselineskip {\normallineskip } \ifdim \wd \@tempboxa >\hsize \unhbox \@tempboxa \par \else \hbox to\hsize {\hfil \box \@tempboxa \hfil } \fi \vskip 5pt  on input line 1175.
)

Package caption Warning: Unknown document class (or package),
(caption)                standard defaults will be used.
See the caption package documentation for explanation.

\c@caption@flags=\count286
\c@continuedfloat=\count287
Package caption Info: float package is loaded.
)
Package caption Info: New subtype `subfigure' on input line 238.
\c@subfigure=\count288
Package caption Info: New subtype `subtable' on input line 238.
\c@subtable=\count289
) (/usr/local/texlive/2025/texmf-dist/tex/latex/l3backend/l3backend-dvips.def
File: l3backend-dvips.def 2024-05-08 L3 backend support: dvips
\l__pdf_internal_box=\box73
\l__pdf_backend_content_box=\box74
\l__pdf_backend_model_box=\box75
\g__pdf_backend_annotation_int=\count290
\g__pdf_backend_link_int=\count291
\g__pdf_backend_link_sf_int=\count292
) (./39th_CFD_sympo.aux)
\openout1 = `39th_CFD_sympo.aux'.

LaTeX Font Info:    Checking defaults for OML/cmm/m/it on input line 55.
LaTeX Font Info:    ... okay on input line 55.
LaTeX Font Info:    Checking defaults for OMS/cmsy/m/n on input line 55.
LaTeX Font Info:    ... okay on input line 55.
LaTeX Font Info:    Checking defaults for OT1/cmr/m/n on input line 55.
LaTeX Font Info:    ... okay on input line 55.
LaTeX Font Info:    Checking defaults for T1/cmr/m/n on input line 55.
LaTeX Font Info:    ... okay on input line 55.
LaTeX Font Info:    Checking defaults for TS1/cmr/m/n on input line 55.
LaTeX Font Info:    ... okay on input line 55.
LaTeX Font Info:    Checking defaults for OMX/cmex/m/n on input line 55.
LaTeX Font Info:    ... okay on input line 55.
LaTeX Font Info:    Checking defaults for U/cmr/m/n on input line 55.
LaTeX Font Info:    ... okay on input line 55.
LaTeX Font Info:    Checking defaults for JY2/mc/m/n on input line 55.
LaTeX Font Info:    ... okay on input line 55.
LaTeX Font Info:    Checking defaults for JT2/mc/m/n on input line 55.
LaTeX Font Info:    ... okay on input line 55.
Package caption Info: Begin \AtBeginDocument code.
Package caption Info: End \AtBeginDocument code.

Underfull \hbox (badness 10000) detected at line 57
[]
 []

LaTeX Font Info:    Font shape `JT2/mc/m/n' will be
(Font)              scaled to size 7.69775pt on input line 57.
LaTeX Font Info:    Font shape `JY2/mc/m/n' will be
(Font)              scaled to size 7.69775pt on input line 57.
LaTeX Font Info:    Font shape `JT2/gt/m/n' will be
(Font)              scaled to size 7.69775pt on input line 57.
LaTeX Font Info:    Font shape `JY2/gt/m/n' will be
(Font)              scaled to size 7.69775pt on input line 57.
LaTeX Font Info:    Font shape `JT2/mc/m/n' will be
(Font)              scaled to size 16.62714pt on input line 57.
LaTeX Font Info:    Font shape `JY2/mc/m/n' will be
(Font)              scaled to size 16.62714pt on input line 57.
LaTeX Font Info:    Font shape `JT2/gt/m/n' will be
(Font)              scaled to size 16.62714pt on input line 57.
LaTeX Font Info:    Font shape `JY2/gt/m/n' will be
(Font)              scaled to size 16.62714pt on input line 57.
LaTeX Font Info:    Font shape `JT2/mc/m/n' will be
(Font)              scaled to size 10.53629pt on input line 57.
LaTeX Font Info:    Font shape `JY2/mc/m/n' will be
(Font)              scaled to size 10.53629pt on input line 57.
LaTeX Font Info:    Font shape `JT2/mc/bx/n' in size <10> not available
(Font)              Font shape `JT2/gt/m/n' tried instead on input line 60.
LaTeX Font Info:    Font shape `JT2/gt/m/n' will be
(Font)              scaled to size 9.6222pt on input line 60.
LaTeX Font Info:    Font shape `JY2/mc/bx/n' in size <10> not available
(Font)              Font shape `JY2/gt/m/n' tried instead on input line 60.
LaTeX Font Info:    Font shape `JY2/gt/m/n' will be
(Font)              scaled to size 9.6222pt on input line 60.

Underfull \hbox (badness 3965) in paragraph at lines 75--79
[]\JY2/mc/m/n/10 近年では\OT1/cmr/m/n/10 , \JY2/mc/m/n/10 非構造格子の \OT1/cmr/m/n/10 SF \JY2/mc/m/n/10 法である \OT1/cmr/m/n/10 eDIT \JY2/mc/m/n/10 法
 []




Underfull \hbox (badness 1189) in paragraph at lines 106--112
\JY2/mc/m/n/10 をにより行い\OT1/cmr/m/n/10 , \JY2/mc/m/n/10 cell内物理量の再構築には三次精度
 []



LaTeX Font Info:    Font shape `JT2/mc/m/n' will be
(Font)              scaled to size 5.77332pt on input line 141.
LaTeX Font Info:    Font shape `JY2/mc/m/n' will be
(Font)              scaled to size 5.77332pt on input line 141.
[1




]
Underfull \hbox (badness 10000) in paragraph at lines 166--170
[]\OT1/cmr/m/n/10 2.2.3 \JY2/mc/m/n/10 節で得た不連続領域の最長骨格に対し\OT1/cmr/m/n/10 ,
 []


Underfull \hbox (badness 3343) in paragraph at lines 166--170
\OT1/cmtt/m/n/10 SciPy.interpolate \JY2/mc/m/n/10 の \OT1/cmtt/m/n/10 splprep, splev \JY2/mc/m/n/10 関数を用
 []

File: extracta.pdf Graphic file (type pdf)
<extracta.pdf>
File: extractb.pdf Graphic file (type pdf)
<extractb.pdf>
File: extractc.pdf Graphic file (type pdf)
<extractc.pdf>
File: extractd.pdf Graphic file (type pdf)
<extractd.pdf>

Underfull \vbox (badness 10000) has occurred while \output is active []



File: grouping.pdf Graphic file (type pdf)
<grouping.pdf>

Underfull \vbox (badness 3557) has occurred while \output is active []




Underfull \hbox (badness 10000) has occurred while \output is active
[]
 []


Overfull \hbox (4.44443pt too wide) has occurred while \output is active
 [] 
 []


Overfull \vbox (16.77402pt too high) has occurred while \output is active []

 [2]
File: updownjudge.pdf Graphic file (type pdf)
<updownjudge.pdf>

Underfull \vbox (badness 10000) has occurred while \output is active []




Underfull \hbox (badness 3579) in paragraph at lines 279--280
 \OT1/cmr/bx/n/10 2.3.5 Sur-ro-gate Bound-ary cells \JY2/gt/m/n/10 から \OT1/cmr/bx/n/10 Shock-
 []




Underfull \hbox (badness 10000) has occurred while \output is active
[]
 []


Overfull \hbox (4.44443pt too wide) has occurred while \output is active
 [] 
 []


Overfull \vbox (16.77402pt too high) has occurred while \output is active []

 [3]
Underfull \hbox (badness 1024) in paragraph at lines 296--303
[]\JY2/mc/m/n/10 ここで\OT1/cmr/m/n/10 , $[]$ \JY2/mc/m/n/10 および $[]$ は下流側 \OT1/cmr/m/n/10 Sur-ro-gate
 []



File: 1Dsituation.pdf Graphic file (type pdf)
<1Dsituation.pdf>

Underfull \hbox (badness 10000) in paragraph at lines 368--371
[]\OT1/cmr/m/n/10 SF \JY2/mc/m/n/10 法による計算の結果\OT1/cmr/m/n/10 , \JY2/mc/m/n/10 衝撃波速さは常に
 []


Underfull \hbox (badness 1210) in paragraph at lines 368--371
\OT1/cmr/m/n/10 0.20000000298023216 \JY2/mc/m/n/10 という値とな った\OT1/cmr/m/n/10 . \JY2/mc/m/n/10 理論解と
 []

File: 1Dscsf.pdf Graphic file (type pdf)
<1Dscsf.pdf>

Underfull \vbox (badness 10000) has occurred while \output is active []




Underfull \hbox (badness 10000) has occurred while \output is active
[]
 []


Overfull \hbox (4.44443pt too wide) has occurred while \output is active
 [] 
 []


Overfull \vbox (16.77402pt too high) has occurred while \output is active []

 [4]
File: 2Ddiagsituation.pdf Graphic file (type pdf)
<2Ddiagsituation.pdf>

Underfull \vbox (badness 10000) has occurred while \output is active []



File: 2Ddiagcomp.pdf Graphic file (type pdf)
<2Ddiagcomp.pdf>

Underfull \vbox (badness 10000) has occurred while \output is active []




Underfull \hbox (badness 10000) has occurred while \output is active
[]
 []


Overfull \hbox (4.44443pt too wide) has occurred while \output is active
 [] 
 []


Overfull \vbox (16.77402pt too high) has occurred while \output is active []

 [5]
File: 2Dcolumnsitu.pdf Graphic file (type pdf)
<2Dcolumnsitu.pdf>

Underfull \vbox (badness 10000) has occurred while \output is active []






Underfull \hbox (badness 10000) has occurred while \output is active
[]
 []


Overfull \hbox (4.44443pt too wide) has occurred while \output is active
 [] 
 []


Overfull \vbox (16.77402pt too high) has occurred while \output is active []

 [6]




Underfull \hbox (badness 10000) has occurred while \output is active
[]
 []


Overfull \hbox (4.44443pt too wide) has occurred while \output is active
 [] 
 []


Overfull \vbox (16.77402pt too high) has occurred while \output is active []

 [7


] (out/39th_CFD_sympo.aux)
 ***********
pLaTeX2e <2023-02-14u04>+1, based on
LaTeX2e <2024-11-01> patch level 2
L3 programming layer <2025-01-18>
 ***********


LaTeX Warning: Label(s) may have changed. Rerun to get cross-references right.

 ) 
Here is how much of TeX's memory you used:
 3497 strings out of 473836
 59706 string characters out of 5731191
 474416 words of memory out of 5000000
 26732 multiletter control sequences out of 15000+600000
 568532 words of font info for 85 fonts, out of 8000000 for 9000
 929 hyphenation exceptions out of 8191
 67i,15n,77p,544b,609s stack positions out of 10000i,1000n,20000p,200000b,200000s

Output written on out/39th_CFD_sympo.dvi (7 pages, 41904 bytes).
